<?xml version="1.0" encoding="UTF-8"?>
<testng-results skipped="0" failed="0" ignored="0" total="1" passed="1">
  <reporter-output>
  </reporter-output>
  <suite name="inetBankingV1" duration-ms="22809" started-at="2019-05-08T02:25:29Z" finished-at="2019-05-08T02:25:52Z">
    <groups>
    </groups>
    <test name="BankingApp Test" duration-ms="22809" started-at="2019-05-08T02:25:29Z" finished-at="2019-05-08T02:25:52Z">
      <class name="com.inetbanking.testCases.TC_LoginTest_001">
        <test-method status="PASS" signature="setup(java.lang.String)[pri:0, instance:com.inetbanking.testCases.TC_LoginTest_001@2a65fe7c]" name="setup" is-config="true" duration-ms="16410" started-at="2019-05-08T02:25:30Z" finished-at="2019-05-08T02:25:46Z">
          <params>
            <param index="0">
              <value>
                <![CDATA[firefox]]>
              </value>
            </param>
          </params>
          <reporter-output>
          </reporter-output>
        </test-method> <!-- setup -->
        <test-method status="PASS" signature="loginTest()[pri:0, instance:com.inetbanking.testCases.TC_LoginTest_001@2a65fe7c]" name="loginTest" duration-ms="3807" started-at="2019-05-08T02:25:46Z" finished-at="2019-05-08T02:25:50Z">
          <reporter-output>
          </reporter-output>
        </test-method> <!-- loginTest -->
        <test-method status="PASS" signature="tearDown()[pri:0, instance:com.inetbanking.testCases.TC_LoginTest_001@2a65fe7c]" name="tearDown" is-config="true" duration-ms="2254" started-at="2019-05-08T02:25:50Z" finished-at="2019-05-08T02:25:52Z">
          <reporter-output>
          </reporter-output>
        </test-method> <!-- tearDown -->
      </class> <!-- com.inetbanking.testCases.TC_LoginTest_001 -->
    </test> <!-- BankingApp Test -->
  </suite> <!-- inetBankingV1 -->
</testng-results>
